<?xml version="1.0" encoding="UTF-8" ?>
<testsuite tests="3" failures="0" name="com.yourcompany.TestThree" time="196.163" errors="1" skipped="0">
  <properties>
[...]
</properties>
  <testcase classname="com.yourcompany.TestThree" name="testMethod[ASUS_Zenfone_2_real]" time="85.752"/>
  <testcase classname="com.yourcompany.TestThree" name="testMethod[Motorola_Moto_X_real]" time="110.411"/>
  <testcase classname="com.yourcompany.TestThree" name="testMethod[Samsung_Galaxy_Note_N7000_real]" time="0">
    <error message="appium driver must be set using setRemoteWebDriver method" type="java.lang.IllegalStateException">java.lang.IllegalStateException: appium driver must be set using setRemoteWebDriver method
	at org.testobject.appium.junit.TestObjectTestResultWatcher.reportPassed(TestObjectTestResultWatcher.java:79)
	at org.testobject.appium.junit.TestObjectTestResultWatcher.failed(TestObjectTestResultWatcher.java:58)
	at org.junit.rules.TestWatcher.failedQuietly(TestWatcher.java:84)
	at org.junit.rules.TestWatcher.access$300(TestWatcher.java:46)
	at org.junit.rules.TestWatcher$1.evaluate(TestWatcher.java:62)
	at org.junit.rules.RunRules.evaluate(RunRules.java:20)
	at org.junit.runners.ParentRunner.runLeaf(ParentRunner.java:271)
	at org.junit.runners.BlockJUnit4ClassRunner.runChild(BlockJUnit4ClassRunner.java:70)
	at org.junit.runners.BlockJUnit4ClassRunner.runChild(BlockJUnit4ClassRunner.java:50)
	at org.junit.runners.ParentRunner$3.run(ParentRunner.java:238)
	at org.junit.runners.ParentRunner$1.schedule(ParentRunner.java:63)
	at org.junit.runners.ParentRunner.runChildren(ParentRunner.java:236)
	at org.junit.runners.ParentRunner.access$000(ParentRunner.java:53)
	at org.junit.runners.ParentRunner$2.evaluate(ParentRunner.java:229)
	at org.junit.runners.ParentRunner.run(ParentRunner.java:309)
	at org.junit.runners.Suite.runChild(Suite.java:127)
	at org.junit.runners.Suite.runChild(Suite.java:26)
	at org.junit.runners.ParentRunner$3.run(ParentRunner.java:238)
	at java.util.concurrent.Executors$RunnableAdapter.call(Executors.java:511)
	at java.util.concurrent.FutureTask.run(FutureTask.java:266)
	at java.util.concurrent.ThreadPoolExecutor.runWorker(ThreadPoolExecutor.java:1142)
	at java.util.concurrent.ThreadPoolExecutor$Worker.run(ThreadPoolExecutor.java:617)
	at java.lang.Thread.run(Thread.java:748)
</error>
  </testcase>
</testsuite>